[20:06:32.256] ===== CALL SUMMARY =====
[20:06:32.256] Call-ID: 1-1966@10.0.2.20
[20:06:32.256] Caller : sipp
[20:06:32.256] Callee : test
[20:06:32.256] Codec : 127 PT 127
[20:06:32.256] SIP Packets : 3
[20:06:32.256] RTP Packets : 426
[20:06:32.256] Packet lose : 0
[20:06:32.256] Jitter : 18.750000 ms
[20:06:32.256] Duration : 9 seconds
[20:06:32.256] --------------------------
[20:07:56.128] ===== CALL SUMMARY =====
[20:07:56.129] Call-ID: 1-1966@10.0.2.20
[20:07:56.129] Caller : sipp
[20:07:56.129] Callee : test
[20:07:56.129] Codec : 127 PT 127
[20:07:56.129] SIP Packets : 3
[20:07:56.129] RTP Packets : 426
[20:07:56.129] Packet lose : 0
[20:07:56.129] Jitter : 18.750000 ms
[20:07:56.129] Duration : 9 seconds
[20:07:56.129] --------------------------
[20:08:09.113] ===== CALL SUMMARY =====
[20:08:09.113] Call-ID: 1-1966@10.0.2.20
[20:08:09.113] Caller : sipp
[20:08:09.113] Callee : test
[20:08:09.113] Codec : 127 PT 127
[20:08:09.113] SIP Packets : 3
[20:08:09.113] RTP Packets : 426
[20:08:09.113] Packet lose : 0
[20:08:09.113] Jitter : 18.750000 ms
[20:08:09.113] Duration : 9 seconds
[20:08:09.113] --------------------------
[20:10:12.304] ===== CALL SUMMARY =====
[20:10:12.304] Call-ID: 1-1966@10.0.2.20
[20:10:12.304] Caller : sipp
[20:10:12.304] Callee : test
[20:10:12.304] Codec : 127 PT 127
[20:10:12.304] SIP Packets : 3
[20:10:12.304] RTP Packets : 426
[20:10:12.304] Packet lose : 0
[20:10:12.304] Jitter : 18.750000 ms
[20:10:12.304] Duration : 9 seconds
[20:10:12.304] --------------------------
[20:10:38.784] ===== CALL SUMMARY =====
[20:10:38.784] Call-ID: 1-1966@10.0.2.20
[20:10:38.784] Caller : sipp
[20:10:38.784] Callee : test
[20:10:38.784] Codec : 127 PT 127
[20:10:38.784] SIP Packets : 3
[20:10:38.784] RTP Packets : 426
[20:10:38.784] Packet lose : 0
[20:10:38.784] Jitter : 18.750000 ms
[20:10:38.784] Duration : 9 seconds
[20:10:38.784] --------------------------
[20:10:40.794] ===== CALL SUMMARY =====
[20:10:40.794] Call-ID: 1-1966@10.0.2.20
[20:10:40.794] Caller : sipp
[20:10:40.794] Callee : test
[20:10:40.794] Codec : 127 PT 127
[20:10:40.794] SIP Packets : 3
[20:10:40.794] RTP Packets : 426
[20:10:40.794] Packet lose : 0
[20:10:40.794] Jitter : 18.750000 ms
[20:10:40.794] Duration : 9 seconds
[20:10:40.794] --------------------------
[20:10:42.655] ===== CALL SUMMARY =====
[20:10:42.655] Call-ID: 1-1966@10.0.2.20
[20:10:42.655] Caller : sipp
[20:10:42.655] Callee : test
[20:10:42.655] Codec : 127 PT 127
[20:10:42.655] SIP Packets : 3
[20:10:42.655] RTP Packets : 426
[20:10:42.655] Packet lose : 0
[20:10:42.655] Jitter : 18.750000 ms
[20:10:42.655] Duration : 9 seconds
[20:10:42.655] --------------------------
[20:10:43.763] ===== CALL SUMMARY =====
[20:10:43.763] Call-ID: 1-1966@10.0.2.20
[20:10:43.763] Caller : sipp
[20:10:43.763] Callee : test
[20:10:43.763] Codec : 127 PT 127
[20:10:43.763] SIP Packets : 3
[20:10:43.763] RTP Packets : 426
[20:10:43.763] Packet lose : 0
[20:10:43.763] Jitter : 18.750000 ms
[20:10:43.763] Duration : 9 seconds
[20:10:43.763] --------------------------
[20:14:42.170] Reading packets from: pcaps/sip-rtp-g711.pcap
[20:14:42.172] ===== CALL SUMMARY =====
[20:14:42.172] Call-ID: 1-1966@10.0.2.20
[20:14:42.172] Caller : sipp
[20:14:42.172] Callee : test
[20:14:42.172] Codec : 127 PT 127
[20:14:42.172] SIP Packets : 3
[20:14:42.172] RTP Packets : 426
[20:14:42.172] Packet lose : 0
[20:14:42.172] Jitter : 18.750000 ms
[20:14:42.172] Duration : 9 seconds
[20:14:42.172] --------------------------
[20:17:31.285] Reading packets from: pcaps/sip-rtp-g711.pcap
[20:17:31.287] ===== CALL SUMMARY =====
[20:17:31.287] Call-ID: 1-1966@10.0.2.20
[20:17:31.287] Caller : sipp
[20:17:31.287] Callee : test
[20:17:31.287] Codec : 127 PT 127
[20:17:31.287] SIP Packets : 3
[20:17:31.287] RTP Packets : 426
[20:17:31.287] Packet lose : 0
[20:17:31.287] Jitter : 18.750000 ms
[20:17:31.287] Duration : 9 seconds
[20:17:31.287] --------------------------
